<?xml version="1.0" encoding="UTF-8"?>
<testsuite name="com.virtualpairprogrammers.TestBasicOperationsOnInMemoryDatabase" tests="8" skipped="0" failures="0" errors="0" timestamp="2019-11-15T13:31:52" hostname="williams-MacBook-Pro-2.local" time="0.025">
  <properties/>
  <testcase name="testGettingLastReportWorks" classname="com.virtualpairprogrammers.TestBasicOperationsOnInMemoryDatabase" time="0.002"/>
  <testcase name="testFindingANonExistentVehicleRaisesException" classname="com.virtualpairprogrammers.TestBasicOperationsOnInMemoryDatabase" time="0.0"/>
  <testcase name="testGettingAllVehiclesSinceAParticularTime" classname="com.virtualpairprogrammers.TestBasicOperationsOnInMemoryDatabase" time="0.001"/>
  <testcase name="testGettingLastReportWorksBasedOnTimestampEvenIfReportsArriveInTheWrongOrder" classname="com.virtualpairprogrammers.TestBasicOperationsOnInMemoryDatabase" time="0.0"/>
  <testcase name="testGettingAllReportsForNonExistentVehicleThrowsException" classname="com.virtualpairprogrammers.TestBasicOperationsOnInMemoryDatabase" time="0.003"/>
  <testcase name="testGettingAllReportsSinceAVeryLateTimeResultsInNoReports" classname="com.virtualpairprogrammers.TestBasicOperationsOnInMemoryDatabase" time="0.0"/>
  <testcase name="testGettingAllReportsSinceAVeryLongTimeAgoReturnsTheLot" classname="com.virtualpairprogrammers.TestBasicOperationsOnInMemoryDatabase" time="0.0"/>
  <testcase name="testGettingAllReportsWorks" classname="com.virtualpairprogrammers.TestBasicOperationsOnInMemoryDatabase" time="0.0"/>
  <system-out><![CDATA[]]></system-out>
  <system-err><![CDATA[]]></system-err>
</testsuite>
