<?xml version="1.0" encoding="UTF-8"?>
<testsuite name="com.virtualpairprogrammers.TestSpeedCalculations" tests="4" skipped="0" failures="0" errors="0" timestamp="2019-11-15T13:31:52" hostname="williams-MacBook-Pro-2.local" time="0.005">
  <properties/>
  <testcase name="testStationaryVehicle" classname="com.virtualpairprogrammers.TestSpeedCalculations" time="0.002"/>
  <testcase name="testSpeedIsBasedOnlyOnLastReport" classname="com.virtualpairprogrammers.TestSpeedCalculations" time="0.002"/>
  <testcase name="testSpeedAsMeasuredBetweenTwoPointsCoveredInFiveSeconds" classname="com.virtualpairprogrammers.TestSpeedCalculations" time="0.0"/>
  <testcase name="testSpeedWhenTravellingExactlyOneKilometerInOneMinute" classname="com.virtualpairprogrammers.TestSpeedCalculations" time="0.0"/>
  <system-out><![CDATA[]]></system-out>
  <system-err><![CDATA[]]></system-err>
</testsuite>
