<?xml version="1.0" encoding="UTF-8"?>
<testsuite name="com.virtualpairprogrammers.VehiclePositionTests" tests="3" skipped="0" failures="0" errors="0" timestamp="2019-11-15T13:31:52" hostname="williams-MacBook-Pro-2.local" time="0.002">
  <properties/>
  <testcase name="testNonEquality" classname="com.virtualpairprogrammers.VehiclePositionTests" time="0.002"/>
  <testcase name="testEqualityOfVehiclePositions" classname="com.virtualpairprogrammers.VehiclePositionTests" time="0.0"/>
  <testcase name="testDifferentVehiclesAreNeverEqual" classname="com.virtualpairprogrammers.VehiclePositionTests" time="0.0"/>
  <system-out><![CDATA[]]></system-out>
  <system-err><![CDATA[]]></system-err>
</testsuite>
